<?xml version="1.0" encoding="UTF-8"?>
<testng-results ignored="0" total="2" passed="2" failed="0" skipped="0">
  <reporter-output>
  </reporter-output>
  <suite started-at="2020-11-19T16:26:02 IST" name="Default suite" finished-at="2020-11-19T16:26:37 IST" duration-ms="34198">
    <groups>
    </groups>
    <test started-at="2020-11-19T16:26:02 IST" name="Default test" finished-at="2020-11-19T16:26:37 IST" duration-ms="34198">
      <class name="com.one">
        <test-method signature="BrowserLauch()[pri:1, instance:com.one@79ca92b9]" started-at="2020-11-19T16:26:02 IST" name="BrowserLauch" finished-at="2020-11-19T16:26:32 IST" duration-ms="29436" status="PASS">
          <reporter-output>
          </reporter-output>
        </test-method> <!-- BrowserLauch -->
        <test-method signature="login()[pri:2, instance:com.one@79ca92b9]" started-at="2020-11-19T16:26:32 IST" name="login" finished-at="2020-11-19T16:26:37 IST" duration-ms="4686" status="PASS">
          <reporter-output>
          </reporter-output>
        </test-method> <!-- login -->
      </class> <!-- com.one -->
    </test> <!-- Default test -->
  </suite> <!-- Default suite -->
</testng-results>
