<?xml version="1.0" encoding="UTF-8"?>
<testng-results ignored="0" total="2" passed="2" failed="0" skipped="0">
  <reporter-output>
  </reporter-output>
  <suite started-at="2020-11-20T13:21:22 IST" name="Suite" finished-at="2020-11-20T13:22:20 IST" duration-ms="58502">
    <groups>
    </groups>
    <test started-at="2020-11-20T13:21:22 IST" name="First test" finished-at="2020-11-20T13:21:45 IST" duration-ms="23362">
      <class name="com.one">
        <test-method signature="BrowserLauch()[pri:1, instance:com.one@79ca92b9]" started-at="2020-11-20T13:21:22 IST" name="BrowserLauch" finished-at="2020-11-20T13:21:45 IST" duration-ms="22959" status="PASS">
          <reporter-output>
          </reporter-output>
        </test-method> <!-- BrowserLauch -->
      </class> <!-- com.one -->
    </test> <!-- First test -->
    <test started-at="2020-11-20T13:21:47 IST" name="second test" finished-at="2020-11-20T13:22:20 IST" duration-ms="33055">
      <class name="com.two">
        <test-method signature="BrowserLauch()[pri:1, instance:com.two@2805c96b]" started-at="2020-11-20T13:21:47 IST" name="BrowserLauch" finished-at="2020-11-20T13:22:20 IST" duration-ms="33048" status="PASS">
          <reporter-output>
          </reporter-output>
        </test-method> <!-- BrowserLauch -->
      </class> <!-- com.two -->
    </test> <!-- second test -->
  </suite> <!-- Suite -->
</testng-results>
